2020-09-08 23:01:14 INFO  EmployeeRestAPI:20 - **************************** started All employee *******************************************
2020-09-08 23:01:15 INFO  EmployeeRestAPI:87 - ******************checking Response Content Type for all employees get method *******************************
2020-09-08 23:01:15 INFO  EmployeeRestAPI:90 - Response Time should be < 2000 ms -->application/json;charset=utf-8
2020-09-08 23:01:15 INFO  EmployeeRestAPI:34 - ******************checking Response body for all employees get method *******************************
2020-09-08 23:01:15 INFO  EmployeeRestAPI:37 - Response Body-->{"status":"success","data":[{"id":"1","employee_name":"Tiger Nixon","employee_salary":"320800","employee_age":"61","profile_image":""},{"id":"2","employee_name":"Garrett Winters","employee_salary":"170750","employee_age":"63","profile_image":""},{"id":"3","employee_name":"Ashton Cox","employee_salary":"86000","employee_age":"66","profile_image":""},{"id":"4","employee_name":"Cedric Kelly","employee_salary":"433060","employee_age":"22","profile_image":""},{"id":"5","employee_name":"Airi Satou","employee_salary":"162700","employee_age":"33","profile_image":""},{"id":"6","employee_name":"Brielle Williamson","employee_salary":"372000","employee_age":"61","profile_image":""},{"id":"7","employee_name":"Herrod Chandler","employee_salary":"137500","employee_age":"59","profile_image":""},{"id":"8","employee_name":"Rhona Davidson","employee_salary":"327900","employee_age":"55","profile_image":""},{"id":"9","employee_name":"Colleen Hurst","employee_salary":"205500","employee_age":"39","profile_image":""},{"id":"10","employee_name":"Sonya Frost","employee_salary":"103600","employee_age":"23","profile_image":""},{"id":"11","employee_name":"Jena Gaines","employee_salary":"90560","employee_age":"30","profile_image":""},{"id":"12","employee_name":"Quinn Flynn","employee_salary":"342000","employee_age":"22","profile_image":""},{"id":"13","employee_name":"Charde Marshall","employee_salary":"470600","employee_age":"36","profile_image":""},{"id":"14","employee_name":"Haley Kennedy","employee_salary":"313500","employee_age":"43","profile_image":""},{"id":"15","employee_name":"Tatyana Fitzpatrick","employee_salary":"385750","employee_age":"19","profile_image":""},{"id":"16","employee_name":"Michael Silva","employee_salary":"198500","employee_age":"66","profile_image":""},{"id":"17","employee_name":"Paul Byrd","employee_salary":"725000","employee_age":"64","profile_image":""},{"id":"18","employee_name":"Gloria Little","employee_salary":"237500","employee_age":"59","profile_image":""},{"id":"19","employee_name":"Bradley Greer","employee_salary":"132000","employee_age":"41","profile_image":""},{"id":"20","employee_name":"Dai Rios","employee_salary":"217500","employee_age":"35","profile_image":""},{"id":"21","employee_name":"Jenette Caldwell","employee_salary":"345000","employee_age":"30","profile_image":""},{"id":"22","employee_name":"Yuri Berry","employee_salary":"675000","employee_age":"40","profile_image":""},{"id":"23","employee_name":"Caesar Vance","employee_salary":"106450","employee_age":"21","profile_image":""},{"id":"24","employee_name":"Doris Wilder","employee_salary":"85600","employee_age":"23","profile_image":""}]}
2020-09-08 23:01:15 INFO  EmployeeRestAPI:72 - ******************checking Response Time for all employees get method *******************************
2020-09-08 23:01:15 INFO  EmployeeRestAPI:75 - Response Time should be < 2000 ms -->830
2020-09-08 23:01:15 INFO  EmployeeRestAPI:99 - ******************checking Response Server Type for all employees get method *******************************
2020-09-08 23:01:15 INFO  EmployeeRestAPI:102 - Response Time should be nginx/1.14.1 -->nginx/1.16.0
2020-09-08 23:01:15 INFO  EmployeeRestAPI:47 - ******************checking Status code is 200 for all employees get method *******************************
2020-09-08 23:01:15 INFO  EmployeeRestAPI:50 - Response code should be 200-->200
2020-09-08 23:01:15 INFO  EmployeeRestAPI:59 - ******************checking Status Line for all employees get method *******************************
2020-09-08 23:01:15 INFO  EmployeeRestAPI:62 - Response Status Line should be HTTP/1.1 200 OK-->HTTP/1.1 200 OK
2020-09-08 23:01:15 INFO  EmployeeRestAPI:110 - ************************Finished All employee *************************************************************** 
2020-09-08 23:04:51 INFO  EmployeeRestAPI:20 - **************************** started All employee *******************************************
2020-09-08 23:04:53 INFO  EmployeeRestAPI:87 - ******************checking Response Content Type for all employees get method *******************************
2020-09-08 23:04:53 INFO  EmployeeRestAPI:90 - Response Content Type should text/html; charset=UTF-8 -->application/json;charset=utf-8
2020-09-08 23:04:53 INFO  EmployeeRestAPI:34 - ******************checking Response body for all employees get method *******************************
2020-09-08 23:04:53 INFO  EmployeeRestAPI:37 - Response Body-->{"status":"success","data":[{"id":"1","employee_name":"Tiger Nixon","employee_salary":"320800","employee_age":"61","profile_image":""},{"id":"2","employee_name":"Garrett Winters","employee_salary":"170750","employee_age":"63","profile_image":""},{"id":"3","employee_name":"Ashton Cox","employee_salary":"86000","employee_age":"66","profile_image":""},{"id":"4","employee_name":"Cedric Kelly","employee_salary":"433060","employee_age":"22","profile_image":""},{"id":"5","employee_name":"Airi Satou","employee_salary":"162700","employee_age":"33","profile_image":""},{"id":"6","employee_name":"Brielle Williamson","employee_salary":"372000","employee_age":"61","profile_image":""},{"id":"7","employee_name":"Herrod Chandler","employee_salary":"137500","employee_age":"59","profile_image":""},{"id":"8","employee_name":"Rhona Davidson","employee_salary":"327900","employee_age":"55","profile_image":""},{"id":"9","employee_name":"Colleen Hurst","employee_salary":"205500","employee_age":"39","profile_image":""},{"id":"10","employee_name":"Sonya Frost","employee_salary":"103600","employee_age":"23","profile_image":""},{"id":"11","employee_name":"Jena Gaines","employee_salary":"90560","employee_age":"30","profile_image":""},{"id":"12","employee_name":"Quinn Flynn","employee_salary":"342000","employee_age":"22","profile_image":""},{"id":"13","employee_name":"Charde Marshall","employee_salary":"470600","employee_age":"36","profile_image":""},{"id":"14","employee_name":"Haley Kennedy","employee_salary":"313500","employee_age":"43","profile_image":""},{"id":"15","employee_name":"Tatyana Fitzpatrick","employee_salary":"385750","employee_age":"19","profile_image":""},{"id":"16","employee_name":"Michael Silva","employee_salary":"198500","employee_age":"66","profile_image":""},{"id":"17","employee_name":"Paul Byrd","employee_salary":"725000","employee_age":"64","profile_image":""},{"id":"18","employee_name":"Gloria Little","employee_salary":"237500","employee_age":"59","profile_image":""},{"id":"19","employee_name":"Bradley Greer","employee_salary":"132000","employee_age":"41","profile_image":""},{"id":"20","employee_name":"Dai Rios","employee_salary":"217500","employee_age":"35","profile_image":""},{"id":"21","employee_name":"Jenette Caldwell","employee_salary":"345000","employee_age":"30","profile_image":""},{"id":"22","employee_name":"Yuri Berry","employee_salary":"675000","employee_age":"40","profile_image":""},{"id":"23","employee_name":"Caesar Vance","employee_salary":"106450","employee_age":"21","profile_image":""},{"id":"24","employee_name":"Doris Wilder","employee_salary":"85600","employee_age":"23","profile_image":""}]}
2020-09-08 23:04:53 INFO  EmployeeRestAPI:72 - ******************checking Response Time for all employees get method *******************************
2020-09-08 23:04:53 INFO  EmployeeRestAPI:75 - Response Time should be < 2000 ms -->661
2020-09-08 23:04:53 INFO  EmployeeRestAPI:99 - ******************checking Response Server Type for all employees get method *******************************
2020-09-08 23:04:53 INFO  EmployeeRestAPI:102 - Response Time should be nginx/1.14.1 -->nginx/1.16.0
2020-09-08 23:04:53 INFO  EmployeeRestAPI:47 - ******************checking Status code is 200 for all employees get method *******************************
2020-09-08 23:04:53 INFO  EmployeeRestAPI:50 - Response code should be 200-->200
2020-09-08 23:04:53 INFO  EmployeeRestAPI:59 - ******************checking Status Line for all employees get method *******************************
2020-09-08 23:04:53 INFO  EmployeeRestAPI:62 - Response Status Line should be HTTP/1.1 200 OK-->HTTP/1.1 200 OK
2020-09-08 23:04:53 INFO  EmployeeRestAPI:110 - ************************Finished All employee *************************************************************** 
2020-09-08 23:06:19 INFO  EmployeeRestAPI:20 - **************************** started All employee *******************************************
2020-09-08 23:06:20 INFO  EmployeeRestAPI:87 - ******************checking Response Content Type for all employees get method *******************************
2020-09-08 23:06:20 INFO  EmployeeRestAPI:90 - Response Content Type should text/html; charset=UTF-8 -->application/json;charset=utf-8
2020-09-08 23:06:20 INFO  EmployeeRestAPI:110 - ************************Finished All employee *************************************************************** 
2020-09-08 23:08:01 INFO  EmployeeRestAPI:20 - **************************** started All employee *******************************************
2020-09-08 23:08:02 INFO  EmployeeRestAPI:87 - ******************checking Response Content Type for all employees get method *******************************
2020-09-08 23:08:02 INFO  EmployeeRestAPI:90 - Response Content Type should text/html; charset=UTF-8 -->application/json;charset=utf-8
2020-09-08 23:08:02 INFO  EmployeeRestAPI:110 - ************************Finished All employee *************************************************************** 
2020-09-08 23:08:14 INFO  EmployeeRestAPI:20 - **************************** started All employee *******************************************
2020-09-08 23:08:15 INFO  EmployeeRestAPI:72 - ******************checking Response Time for all employees get method *******************************
2020-09-08 23:08:15 INFO  EmployeeRestAPI:75 - Response Time should be < 2000 ms -->624
2020-09-08 23:08:15 INFO  EmployeeRestAPI:110 - ************************Finished All employee *************************************************************** 
2020-09-08 23:08:34 INFO  EmployeeRestAPI:20 - **************************** started All employee *******************************************
2020-09-08 23:08:36 INFO  EmployeeRestAPI:72 - ******************checking Response Time for all employees get method *******************************
2020-09-08 23:08:36 INFO  EmployeeRestAPI:75 - Response Time should be < 600 ms -->632
2020-09-08 23:08:36 WARN  EmployeeRestAPI:78 - The response time is more than 2000
2020-09-08 23:08:36 INFO  EmployeeRestAPI:110 - ************************Finished All employee *************************************************************** 
2020-09-08 23:08:54 INFO  EmployeeRestAPI:20 - **************************** started All employee *******************************************
2020-09-08 23:08:56 INFO  EmployeeRestAPI:72 - ******************checking Response Time for all employees get method *******************************
2020-09-08 23:08:56 INFO  EmployeeRestAPI:75 - Response Time should be < 600 ms -->602
2020-09-08 23:08:56 WARN  EmployeeRestAPI:78 - The response time is more than 2000
2020-09-08 23:08:56 INFO  EmployeeRestAPI:110 - ************************Finished All employee *************************************************************** 
2020-09-08 23:09:52 INFO  EmployeeRestAPI:20 - **************************** started All employee *******************************************
2020-09-08 23:09:54 INFO  EmployeeRestAPI:99 - ******************checking Response Server Type for all employees get method *******************************
2020-09-08 23:09:54 INFO  EmployeeRestAPI:102 - Response Time should be nginx/1.14.1 -->nginx/1.16.0
2020-09-08 23:09:54 INFO  EmployeeRestAPI:110 - ************************Finished All employee *************************************************************** 
2020-09-08 23:10:34 INFO  EmployeeRestAPI:20 - **************************** started All employee *******************************************
2020-09-08 23:10:36 INFO  EmployeeRestAPI:99 - ******************checking Response Server Type for all employees get method *******************************
2020-09-08 23:10:36 INFO  EmployeeRestAPI:102 - Response  Server Type should be nginx/1.16.0 -->nginx/1.16.0
2020-09-08 23:10:36 INFO  EmployeeRestAPI:110 - ************************Finished All employee *************************************************************** 
2020-09-08 23:11:11 INFO  EmployeeRestAPI:20 - **************************** started All employee *******************************************
2020-09-08 23:11:12 INFO  EmployeeRestAPI:99 - ******************checking Response Server Type for all employees get method *******************************
2020-09-08 23:11:12 INFO  EmployeeRestAPI:102 - Response  Server Type should be nginx/1.16.0 -->nginx/1.16.0
2020-09-08 23:11:12 INFO  EmployeeRestAPI:110 - ************************Finished All employee *************************************************************** 
2020-09-08 23:11:23 INFO  EmployeeRestAPI:20 - **************************** started All employee *******************************************
2020-09-08 23:11:24 INFO  EmployeeRestAPI:87 - ******************checking Response Content Type for all employees get method *******************************
2020-09-08 23:11:24 INFO  EmployeeRestAPI:90 - Response Content Type should text/html; charset=UTF-8 -->application/json;charset=utf-8
2020-09-08 23:11:24 INFO  EmployeeRestAPI:34 - ******************checking Response body for all employees get method *******************************
2020-09-08 23:11:24 INFO  EmployeeRestAPI:37 - Response Body-->{"status":"success","data":[{"id":"1","employee_name":"Tiger Nixon","employee_salary":"320800","employee_age":"61","profile_image":""},{"id":"2","employee_name":"Garrett Winters","employee_salary":"170750","employee_age":"63","profile_image":""},{"id":"3","employee_name":"Ashton Cox","employee_salary":"86000","employee_age":"66","profile_image":""},{"id":"4","employee_name":"Cedric Kelly","employee_salary":"433060","employee_age":"22","profile_image":""},{"id":"5","employee_name":"Airi Satou","employee_salary":"162700","employee_age":"33","profile_image":""},{"id":"6","employee_name":"Brielle Williamson","employee_salary":"372000","employee_age":"61","profile_image":""},{"id":"7","employee_name":"Herrod Chandler","employee_salary":"137500","employee_age":"59","profile_image":""},{"id":"8","employee_name":"Rhona Davidson","employee_salary":"327900","employee_age":"55","profile_image":""},{"id":"9","employee_name":"Colleen Hurst","employee_salary":"205500","employee_age":"39","profile_image":""},{"id":"10","employee_name":"Sonya Frost","employee_salary":"103600","employee_age":"23","profile_image":""},{"id":"11","employee_name":"Jena Gaines","employee_salary":"90560","employee_age":"30","profile_image":""},{"id":"12","employee_name":"Quinn Flynn","employee_salary":"342000","employee_age":"22","profile_image":""},{"id":"13","employee_name":"Charde Marshall","employee_salary":"470600","employee_age":"36","profile_image":""},{"id":"14","employee_name":"Haley Kennedy","employee_salary":"313500","employee_age":"43","profile_image":""},{"id":"15","employee_name":"Tatyana Fitzpatrick","employee_salary":"385750","employee_age":"19","profile_image":""},{"id":"16","employee_name":"Michael Silva","employee_salary":"198500","employee_age":"66","profile_image":""},{"id":"17","employee_name":"Paul Byrd","employee_salary":"725000","employee_age":"64","profile_image":""},{"id":"18","employee_name":"Gloria Little","employee_salary":"237500","employee_age":"59","profile_image":""},{"id":"19","employee_name":"Bradley Greer","employee_salary":"132000","employee_age":"41","profile_image":""},{"id":"20","employee_name":"Dai Rios","employee_salary":"217500","employee_age":"35","profile_image":""},{"id":"21","employee_name":"Jenette Caldwell","employee_salary":"345000","employee_age":"30","profile_image":""},{"id":"22","employee_name":"Yuri Berry","employee_salary":"675000","employee_age":"40","profile_image":""},{"id":"23","employee_name":"Caesar Vance","employee_salary":"106450","employee_age":"21","profile_image":""},{"id":"24","employee_name":"Doris Wilder","employee_salary":"85600","employee_age":"23","profile_image":""}]}
2020-09-08 23:11:24 INFO  EmployeeRestAPI:72 - ******************checking Response Time for all employees get method *******************************
2020-09-08 23:11:24 INFO  EmployeeRestAPI:75 - Response Time should be < 600 ms -->771
2020-09-08 23:11:24 WARN  EmployeeRestAPI:78 - The response time is more than 2000
2020-09-08 23:11:24 INFO  EmployeeRestAPI:99 - ******************checking Response Server Type for all employees get method *******************************
2020-09-08 23:11:24 INFO  EmployeeRestAPI:102 - Response  Server Type should be nginx/1.16.0 -->nginx/1.16.0
2020-09-08 23:11:24 INFO  EmployeeRestAPI:47 - ******************checking Status code is 200 for all employees get method *******************************
2020-09-08 23:11:24 INFO  EmployeeRestAPI:50 - Response code should be 200-->200
2020-09-08 23:11:24 INFO  EmployeeRestAPI:59 - ******************checking Status Line for all employees get method *******************************
2020-09-08 23:11:24 INFO  EmployeeRestAPI:62 - Response Status Line should be HTTP/1.1 200 OK-->HTTP/1.1 200 OK
2020-09-08 23:11:24 INFO  EmployeeRestAPI:110 - ************************Finished All employee *************************************************************** 
2020-09-08 23:12:57 INFO  EmployeeRestAPI:20 - **************************** started All employee *******************************************
2020-09-08 23:12:58 INFO  EmployeeRestAPI:87 - ******************checking Response Content Type for all employees get method *******************************
2020-09-08 23:12:58 INFO  EmployeeRestAPI:90 - Response Content Type should text/html; charset=UTF-8 -->application/json;charset=utf-8
2020-09-08 23:12:58 INFO  EmployeeRestAPI:34 - ******************checking Response body for all employees get method *******************************
2020-09-08 23:12:58 INFO  EmployeeRestAPI:37 - Response Body-->{"status":"success","data":[{"id":"1","employee_name":"Tiger Nixon","employee_salary":"320800","employee_age":"61","profile_image":""},{"id":"2","employee_name":"Garrett Winters","employee_salary":"170750","employee_age":"63","profile_image":""},{"id":"3","employee_name":"Ashton Cox","employee_salary":"86000","employee_age":"66","profile_image":""},{"id":"4","employee_name":"Cedric Kelly","employee_salary":"433060","employee_age":"22","profile_image":""},{"id":"5","employee_name":"Airi Satou","employee_salary":"162700","employee_age":"33","profile_image":""},{"id":"6","employee_name":"Brielle Williamson","employee_salary":"372000","employee_age":"61","profile_image":""},{"id":"7","employee_name":"Herrod Chandler","employee_salary":"137500","employee_age":"59","profile_image":""},{"id":"8","employee_name":"Rhona Davidson","employee_salary":"327900","employee_age":"55","profile_image":""},{"id":"9","employee_name":"Colleen Hurst","employee_salary":"205500","employee_age":"39","profile_image":""},{"id":"10","employee_name":"Sonya Frost","employee_salary":"103600","employee_age":"23","profile_image":""},{"id":"11","employee_name":"Jena Gaines","employee_salary":"90560","employee_age":"30","profile_image":""},{"id":"12","employee_name":"Quinn Flynn","employee_salary":"342000","employee_age":"22","profile_image":""},{"id":"13","employee_name":"Charde Marshall","employee_salary":"470600","employee_age":"36","profile_image":""},{"id":"14","employee_name":"Haley Kennedy","employee_salary":"313500","employee_age":"43","profile_image":""},{"id":"15","employee_name":"Tatyana Fitzpatrick","employee_salary":"385750","employee_age":"19","profile_image":""},{"id":"16","employee_name":"Michael Silva","employee_salary":"198500","employee_age":"66","profile_image":""},{"id":"17","employee_name":"Paul Byrd","employee_salary":"725000","employee_age":"64","profile_image":""},{"id":"18","employee_name":"Gloria Little","employee_salary":"237500","employee_age":"59","profile_image":""},{"id":"19","employee_name":"Bradley Greer","employee_salary":"132000","employee_age":"41","profile_image":""},{"id":"20","employee_name":"Dai Rios","employee_salary":"217500","employee_age":"35","profile_image":""},{"id":"21","employee_name":"Jenette Caldwell","employee_salary":"345000","employee_age":"30","profile_image":""},{"id":"22","employee_name":"Yuri Berry","employee_salary":"675000","employee_age":"40","profile_image":""},{"id":"23","employee_name":"Caesar Vance","employee_salary":"106450","employee_age":"21","profile_image":""},{"id":"24","employee_name":"Doris Wilder","employee_salary":"85600","employee_age":"23","profile_image":""}]}
2020-09-08 23:12:58 INFO  EmployeeRestAPI:72 - ******************checking Response Time for all employees get method *******************************
2020-09-08 23:12:58 INFO  EmployeeRestAPI:75 - Response Time should be < 600 ms -->655
2020-09-08 23:12:58 WARN  EmployeeRestAPI:78 - The response time is more than 2000
2020-09-08 23:12:58 INFO  EmployeeRestAPI:99 - ******************checking Response Server Type for all employees get method *******************************
2020-09-08 23:12:58 INFO  EmployeeRestAPI:102 - Response  Server Type should be nginx/1.16.0 -->nginx/1.16.0
2020-09-08 23:12:58 INFO  EmployeeRestAPI:47 - ******************checking Status code is 200 for all employees get method *******************************
2020-09-08 23:12:58 INFO  EmployeeRestAPI:50 - Response code should be 200-->200
2020-09-08 23:12:58 INFO  EmployeeRestAPI:59 - ******************checking Status Line for all employees get method *******************************
2020-09-08 23:12:58 INFO  EmployeeRestAPI:62 - Response Status Line should be HTTP/1.1 200 OK-->HTTP/1.1 200 OK
2020-09-08 23:12:58 INFO  EmployeeRestAPI:110 - ************************Finished All employee *************************************************************** 
2020-09-08 23:18:08 INFO  EmployeeRestAPI:38 - *********Started TC002_Get_Single_Employee_Record **********
2020-09-08 23:18:18 INFO  EmployeeRestAPI:101 - *********  Finished TC002_Get_Single_Employee_Record **********
2020-09-08 23:24:51 INFO  EmployeeRestAPI:38 - *********Started TC002_Get_Single_Employee_Record **********
2020-09-08 23:24:58 INFO  EmployeeRestAPI:51 - ********************* responseBody--> {"status":"success","data":null,"message":"Successfully! Record has been fetched."}
2020-09-08 23:24:58 INFO  EmployeeRestAPI:102 - *********  Finished TC002_Get_Single_Employee_Record **********
2020-09-08 23:26:03 INFO  EmployeeRestAPI:38 - *********Started TC002_Get_Single_Employee_Record **********
2020-09-08 23:26:11 INFO  EmployeeRestAPI:51 - ********************* responseBody--> {"status":"success","data":{"id":1,"employee_name":"Tiger Nixon","employee_salary":320800,"employee_age":61,"profile_image":""},"message":"Successfully! Record has been fetched."}
2020-09-08 23:26:11 INFO  EmployeeRestAPI:102 - *********  Finished TC002_Get_Single_Employee_Record **********
2020-09-08 23:33:53 INFO  EmployeeRestAPI:45 - *********Started TC003_Post_Employee_Record **********
2020-09-08 23:34:00 INFO  EmployeeRestAPI:118 - *********  Finished TC003_Post_Employee_Record **********
2020-09-08 23:35:32 INFO  EmployeeRestAPI:45 - *********Started TC003_Post_Employee_Record **********
2020-09-08 23:35:40 INFO  EmployeeRestAPI:73 - Response Body --------------> {"status":"success","data":{"name":"Johnv","salary":"87176","age":"06","id":4580},"message":"Successfully! Record has been added."}
2020-09-08 23:35:40 INFO  EmployeeRestAPI:119 - *********  Finished TC003_Post_Employee_Record **********
2020-09-08 23:36:01 INFO  EmployeeRestAPI:45 - *********Started TC003_Post_Employee_Record **********
2020-09-08 23:36:08 INFO  EmployeeRestAPI:73 - Response Body --------------> {"status":"success","data":{"name":"Johne","salary":"68482","age":"09","id":7881},"message":"Successfully! Record has been added."}
2020-09-08 23:36:08 INFO  EmployeeRestAPI:119 - *********  Finished TC003_Post_Employee_Record **********
2020-09-08 23:38:35 INFO  EmployeeRestAPI:44 - *********Started TC004_Put_Employee_Record **********
2020-09-08 23:38:42 INFO  EmployeeRestAPI:118 - *********  Finished TC004_Put_Employee_Record **********
2020-09-08 23:40:25 INFO  EmployeeRestAPI:44 - *********Started TC004_Put_Employee_Record **********
2020-09-08 23:40:33 INFO  EmployeeRestAPI:72 - Response Body ---------------> {"status":"success","data":{"name":"JohnV","salary":"59984","age":"97"},"message":"Successfully! Record has been updated."}
2020-09-08 23:40:33 INFO  EmployeeRestAPI:118 - *********  Finished TC004_Put_Employee_Record **********
2020-09-08 23:40:49 INFO  EmployeeRestAPI:44 - *********Started TC004_Put_Employee_Record **********
2020-09-08 23:40:56 INFO  EmployeeRestAPI:72 - Response Body ---------------> {"status":"success","data":{"name":"Johnp","salary":"97136","age":"45"},"message":"Successfully! Record has been updated."}
2020-09-08 23:40:56 INFO  EmployeeRestAPI:118 - *********  Finished TC004_Put_Employee_Record **********
2020-09-08 23:42:38 INFO  EmployeeRestAPI:40 - *********Started TC005_Delete_Employee_Record **********
2020-09-08 23:42:43 INFO  EmployeeRestAPI:105 - *********  Finished TC005_Delete_Employee_Record **********
2020-09-08 23:42:58 INFO  EmployeeRestAPI:40 - *********Started TC005_Delete_Employee_Record **********
2020-09-08 23:43:04 INFO  EmployeeRestAPI:105 - *********  Finished TC005_Delete_Employee_Record **********
2020-09-08 23:43:20 INFO  EmployeeRestAPI:40 - *********Started TC005_Delete_Employee_Record **********
2020-09-08 23:43:26 INFO  EmployeeRestAPI:105 - *********  Finished TC005_Delete_Employee_Record **********
2020-09-08 23:45:40 INFO  EmployeeRestAPI:40 - *********Started TC005_Delete_Employee_Record **********
2020-09-08 23:45:42 INFO  EmployeeRestAPI:52 - First employee -------------> null
2020-09-08 23:45:46 INFO  EmployeeRestAPI:106 - *********  Finished TC005_Delete_Employee_Record **********
2020-09-08 23:47:39 INFO  EmployeeRestAPI:40 - *********Started TC005_Delete_Employee_Record **********
2020-09-08 23:47:40 INFO  EmployeeRestAPI:49 - Response Body Data -------------> {"status":"success","data":[{"id":"1","employee_name":"Tiger Nixon","employee_salary":"320800","employee_age":"61","profile_image":""},{"id":"2","employee_name":"Garrett Winters","employee_salary":"170750","employee_age":"63","profile_image":""},{"id":"3","employee_name":"Ashton Cox","employee_salary":"86000","employee_age":"66","profile_image":""},{"id":"4","employee_name":"Cedric Kelly","employee_salary":"433060","employee_age":"22","profile_image":""},{"id":"5","employee_name":"Airi Satou","employee_salary":"162700","employee_age":"33","profile_image":""},{"id":"6","employee_name":"Brielle Williamson","employee_salary":"372000","employee_age":"61","profile_image":""},{"id":"7","employee_name":"Herrod Chandler","employee_salary":"137500","employee_age":"59","profile_image":""},{"id":"8","employee_name":"Rhona Davidson","employee_salary":"327900","employee_age":"55","profile_image":""},{"id":"9","employee_name":"Colleen Hurst","employee_salary":"205500","employee_age":"39","profile_image":""},{"id":"10","employee_name":"Sonya Frost","employee_salary":"103600","employee_age":"23","profile_image":""},{"id":"11","employee_name":"Jena Gaines","employee_salary":"90560","employee_age":"30","profile_image":""},{"id":"12","employee_name":"Quinn Flynn","employee_salary":"342000","employee_age":"22","profile_image":""},{"id":"13","employee_name":"Charde Marshall","employee_salary":"470600","employee_age":"36","profile_image":""},{"id":"14","employee_name":"Haley Kennedy","employee_salary":"313500","employee_age":"43","profile_image":""},{"id":"15","employee_name":"Tatyana Fitzpatrick","employee_salary":"385750","employee_age":"19","profile_image":""},{"id":"16","employee_name":"Michael Silva","employee_salary":"198500","employee_age":"66","profile_image":""},{"id":"17","employee_name":"Paul Byrd","employee_salary":"725000","employee_age":"64","profile_image":""},{"id":"18","employee_name":"Gloria Little","employee_salary":"237500","employee_age":"59","profile_image":""},{"id":"19","employee_name":"Bradley Greer","employee_salary":"132000","employee_age":"41","profile_image":""},{"id":"20","employee_name":"Dai Rios","employee_salary":"217500","employee_age":"35","profile_image":""},{"id":"21","employee_name":"Jenette Caldwell","employee_salary":"345000","employee_age":"30","profile_image":""},{"id":"22","employee_name":"Yuri Berry","employee_salary":"675000","employee_age":"40","profile_image":""},{"id":"23","employee_name":"Caesar Vance","employee_salary":"106450","employee_age":"21","profile_image":""},{"id":"24","employee_name":"Doris Wilder","employee_salary":"85600","employee_age":"23","profile_image":""}]}
2020-09-08 23:47:40 INFO  EmployeeRestAPI:52 - First employee -------------> null
2020-09-08 23:47:44 INFO  EmployeeRestAPI:106 - *********  Finished TC005_Delete_Employee_Record **********
2020-09-08 23:52:08 INFO  EmployeeRestAPI:40 - *********Started TC005_Delete_Employee_Record **********
2020-09-08 23:52:10 INFO  EmployeeRestAPI:49 - Response Body Data -------------> {"status":"success","data":[{"id":"1","employee_name":"Tiger Nixon","employee_salary":"320800","employee_age":"61","profile_image":""},{"id":"2","employee_name":"Garrett Winters","employee_salary":"170750","employee_age":"63","profile_image":""},{"id":"3","employee_name":"Ashton Cox","employee_salary":"86000","employee_age":"66","profile_image":""},{"id":"4","employee_name":"Cedric Kelly","employee_salary":"433060","employee_age":"22","profile_image":""},{"id":"5","employee_name":"Airi Satou","employee_salary":"162700","employee_age":"33","profile_image":""},{"id":"6","employee_name":"Brielle Williamson","employee_salary":"372000","employee_age":"61","profile_image":""},{"id":"7","employee_name":"Herrod Chandler","employee_salary":"137500","employee_age":"59","profile_image":""},{"id":"8","employee_name":"Rhona Davidson","employee_salary":"327900","employee_age":"55","profile_image":""},{"id":"9","employee_name":"Colleen Hurst","employee_salary":"205500","employee_age":"39","profile_image":""},{"id":"10","employee_name":"Sonya Frost","employee_salary":"103600","employee_age":"23","profile_image":""},{"id":"11","employee_name":"Jena Gaines","employee_salary":"90560","employee_age":"30","profile_image":""},{"id":"12","employee_name":"Quinn Flynn","employee_salary":"342000","employee_age":"22","profile_image":""},{"id":"13","employee_name":"Charde Marshall","employee_salary":"470600","employee_age":"36","profile_image":""},{"id":"14","employee_name":"Haley Kennedy","employee_salary":"313500","employee_age":"43","profile_image":""},{"id":"15","employee_name":"Tatyana Fitzpatrick","employee_salary":"385750","employee_age":"19","profile_image":""},{"id":"16","employee_name":"Michael Silva","employee_salary":"198500","employee_age":"66","profile_image":""},{"id":"17","employee_name":"Paul Byrd","employee_salary":"725000","employee_age":"64","profile_image":""},{"id":"18","employee_name":"Gloria Little","employee_salary":"237500","employee_age":"59","profile_image":""},{"id":"19","employee_name":"Bradley Greer","employee_salary":"132000","employee_age":"41","profile_image":""},{"id":"20","employee_name":"Dai Rios","employee_salary":"217500","employee_age":"35","profile_image":""},{"id":"21","employee_name":"Jenette Caldwell","employee_salary":"345000","employee_age":"30","profile_image":""},{"id":"22","employee_name":"Yuri Berry","employee_salary":"675000","employee_age":"40","profile_image":""},{"id":"23","employee_name":"Caesar Vance","employee_salary":"106450","employee_age":"21","profile_image":""},{"id":"24","employee_name":"Doris Wilder","employee_salary":"85600","employee_age":"23","profile_image":""}]}
2020-09-08 23:52:10 INFO  EmployeeRestAPI:52 - First employee -------------> 1
2020-09-08 23:52:14 INFO  EmployeeRestAPI:106 - *********  Finished TC005_Delete_Employee_Record **********
2020-09-08 23:58:26 INFO  EmployeeRestAPI:20 - **************************** started All employee *******************************************
2020-09-08 23:58:28 INFO  EmployeeRestAPI:87 - ******************checking Response Content Type for all employees get method *******************************
2020-09-08 23:58:28 INFO  EmployeeRestAPI:90 - Response Content Type should text/html; charset=UTF-8 -->application/json;charset=utf-8
2020-09-08 23:58:28 INFO  EmployeeRestAPI:34 - ******************checking Response body for all employees get method *******************************
2020-09-08 23:58:28 INFO  EmployeeRestAPI:37 - Response Body-->{"status":"success","data":[{"id":"1","employee_name":"Tiger Nixon","employee_salary":"320800","employee_age":"61","profile_image":""},{"id":"2","employee_name":"Garrett Winters","employee_salary":"170750","employee_age":"63","profile_image":""},{"id":"3","employee_name":"Ashton Cox","employee_salary":"86000","employee_age":"66","profile_image":""},{"id":"4","employee_name":"Cedric Kelly","employee_salary":"433060","employee_age":"22","profile_image":""},{"id":"5","employee_name":"Airi Satou","employee_salary":"162700","employee_age":"33","profile_image":""},{"id":"6","employee_name":"Brielle Williamson","employee_salary":"372000","employee_age":"61","profile_image":""},{"id":"7","employee_name":"Herrod Chandler","employee_salary":"137500","employee_age":"59","profile_image":""},{"id":"8","employee_name":"Rhona Davidson","employee_salary":"327900","employee_age":"55","profile_image":""},{"id":"9","employee_name":"Colleen Hurst","employee_salary":"205500","employee_age":"39","profile_image":""},{"id":"10","employee_name":"Sonya Frost","employee_salary":"103600","employee_age":"23","profile_image":""},{"id":"11","employee_name":"Jena Gaines","employee_salary":"90560","employee_age":"30","profile_image":""},{"id":"12","employee_name":"Quinn Flynn","employee_salary":"342000","employee_age":"22","profile_image":""},{"id":"13","employee_name":"Charde Marshall","employee_salary":"470600","employee_age":"36","profile_image":""},{"id":"14","employee_name":"Haley Kennedy","employee_salary":"313500","employee_age":"43","profile_image":""},{"id":"15","employee_name":"Tatyana Fitzpatrick","employee_salary":"385750","employee_age":"19","profile_image":""},{"id":"16","employee_name":"Michael Silva","employee_salary":"198500","employee_age":"66","profile_image":""},{"id":"17","employee_name":"Paul Byrd","employee_salary":"725000","employee_age":"64","profile_image":""},{"id":"18","employee_name":"Gloria Little","employee_salary":"237500","employee_age":"59","profile_image":""},{"id":"19","employee_name":"Bradley Greer","employee_salary":"132000","employee_age":"41","profile_image":""},{"id":"20","employee_name":"Dai Rios","employee_salary":"217500","employee_age":"35","profile_image":""},{"id":"21","employee_name":"Jenette Caldwell","employee_salary":"345000","employee_age":"30","profile_image":""},{"id":"22","employee_name":"Yuri Berry","employee_salary":"675000","employee_age":"40","profile_image":""},{"id":"23","employee_name":"Caesar Vance","employee_salary":"106450","employee_age":"21","profile_image":""},{"id":"24","employee_name":"Doris Wilder","employee_salary":"85600","employee_age":"23","profile_image":""}]}
2020-09-08 23:58:28 INFO  EmployeeRestAPI:72 - ******************checking Response Time for all employees get method *******************************
2020-09-08 23:58:28 INFO  EmployeeRestAPI:75 - Response Time should be < 600 ms -->774
2020-09-08 23:58:28 WARN  EmployeeRestAPI:78 - The response time is more than 2000
2020-09-08 23:58:28 INFO  EmployeeRestAPI:99 - ******************checking Response Server Type for all employees get method *******************************
2020-09-08 23:58:28 INFO  EmployeeRestAPI:102 - Response  Server Type should be nginx/1.16.0 -->nginx/1.16.0
2020-09-08 23:58:28 INFO  EmployeeRestAPI:47 - ******************checking Status code is 200 for all employees get method *******************************
2020-09-08 23:58:28 INFO  EmployeeRestAPI:50 - Response code should be 200-->200
2020-09-08 23:58:28 INFO  EmployeeRestAPI:59 - ******************checking Status Line for all employees get method *******************************
2020-09-08 23:58:28 INFO  EmployeeRestAPI:62 - Response Status Line should be HTTP/1.1 200 OK-->HTTP/1.1 200 OK
2020-09-08 23:58:28 INFO  EmployeeRestAPI:110 - ************************Finished All employee *************************************************************** 
2020-09-08 23:58:28 INFO  EmployeeRestAPI:38 - *********Started TC002_Get_Single_Employee_Record **********
2020-09-08 23:58:34 INFO  EmployeeRestAPI:51 - ********************* responseBody--> {"status":"success","data":{"id":1,"employee_name":"Tiger Nixon","employee_salary":320800,"employee_age":61,"profile_image":""},"message":"Successfully! Record has been fetched."}
2020-09-08 23:58:34 INFO  EmployeeRestAPI:102 - *********  Finished TC002_Get_Single_Employee_Record **********
2020-09-08 23:58:34 INFO  EmployeeRestAPI:45 - *********Started TC003_Post_Employee_Record **********
2020-09-08 23:58:40 INFO  EmployeeRestAPI:73 - Response Body --------------> {"status":"success","data":{"name":"JohnM","salary":"12739","age":"82","id":1044},"message":"Successfully! Record has been added."}
2020-09-08 23:58:40 INFO  EmployeeRestAPI:119 - *********  Finished TC003_Post_Employee_Record **********
2020-09-08 23:58:40 INFO  EmployeeRestAPI:44 - *********Started TC004_Put_Employee_Record **********
2020-09-08 23:58:46 INFO  EmployeeRestAPI:72 - Response Body ---------------> {"status":"success","data":{"name":"Johnc","salary":"30803","age":"02"},"message":"Successfully! Record has been updated."}
2020-09-08 23:58:46 INFO  EmployeeRestAPI:118 - *********  Finished TC004_Put_Employee_Record **********
2020-09-08 23:58:46 INFO  EmployeeRestAPI:40 - *********Started TC005_Delete_Employee_Record **********
2020-09-08 23:58:46 INFO  EmployeeRestAPI:49 - Response Body Data -------------> {"status":"success","data":[{"id":"1","employee_name":"Tiger Nixon","employee_salary":"320800","employee_age":"61","profile_image":""},{"id":"2","employee_name":"Garrett Winters","employee_salary":"170750","employee_age":"63","profile_image":""},{"id":"3","employee_name":"Ashton Cox","employee_salary":"86000","employee_age":"66","profile_image":""},{"id":"4","employee_name":"Cedric Kelly","employee_salary":"433060","employee_age":"22","profile_image":""},{"id":"5","employee_name":"Airi Satou","employee_salary":"162700","employee_age":"33","profile_image":""},{"id":"6","employee_name":"Brielle Williamson","employee_salary":"372000","employee_age":"61","profile_image":""},{"id":"7","employee_name":"Herrod Chandler","employee_salary":"137500","employee_age":"59","profile_image":""},{"id":"8","employee_name":"Rhona Davidson","employee_salary":"327900","employee_age":"55","profile_image":""},{"id":"9","employee_name":"Colleen Hurst","employee_salary":"205500","employee_age":"39","profile_image":""},{"id":"10","employee_name":"Sonya Frost","employee_salary":"103600","employee_age":"23","profile_image":""},{"id":"11","employee_name":"Jena Gaines","employee_salary":"90560","employee_age":"30","profile_image":""},{"id":"12","employee_name":"Quinn Flynn","employee_salary":"342000","employee_age":"22","profile_image":""},{"id":"13","employee_name":"Charde Marshall","employee_salary":"470600","employee_age":"36","profile_image":""},{"id":"14","employee_name":"Haley Kennedy","employee_salary":"313500","employee_age":"43","profile_image":""},{"id":"15","employee_name":"Tatyana Fitzpatrick","employee_salary":"385750","employee_age":"19","profile_image":""},{"id":"16","employee_name":"Michael Silva","employee_salary":"198500","employee_age":"66","profile_image":""},{"id":"17","employee_name":"Paul Byrd","employee_salary":"725000","employee_age":"64","profile_image":""},{"id":"18","employee_name":"Gloria Little","employee_salary":"237500","employee_age":"59","profile_image":""},{"id":"19","employee_name":"Bradley Greer","employee_salary":"132000","employee_age":"41","profile_image":""},{"id":"20","employee_name":"Dai Rios","employee_salary":"217500","employee_age":"35","profile_image":""},{"id":"21","employee_name":"Jenette Caldwell","employee_salary":"345000","employee_age":"30","profile_image":""},{"id":"22","employee_name":"Yuri Berry","employee_salary":"675000","employee_age":"40","profile_image":""},{"id":"23","employee_name":"Caesar Vance","employee_salary":"106450","employee_age":"21","profile_image":""},{"id":"24","employee_name":"Doris Wilder","employee_salary":"85600","employee_age":"23","profile_image":""}]}
2020-09-08 23:58:46 INFO  EmployeeRestAPI:52 - First employee -------------> 1
2020-09-08 23:58:50 INFO  EmployeeRestAPI:106 - *********  Finished TC005_Delete_Employee_Record **********
2020-09-09 00:05:37 INFO  EmployeeRestAPI:20 - **************************** started All employee *******************************************
2020-09-09 00:05:39 INFO  EmployeeRestAPI:87 - ******************checking Response Content Type for all employees get method *******************************
2020-09-09 00:05:39 INFO  EmployeeRestAPI:90 - Response Content Type should text/html; charset=UTF-8 -->application/json;charset=utf-8
2020-09-09 00:05:39 INFO  EmployeeRestAPI:34 - ******************checking Response body for all employees get method *******************************
2020-09-09 00:05:39 INFO  EmployeeRestAPI:37 - Response Body-->{"status":"success","data":[{"id":"1","employee_name":"Tiger Nixon","employee_salary":"320800","employee_age":"61","profile_image":""},{"id":"2","employee_name":"Garrett Winters","employee_salary":"170750","employee_age":"63","profile_image":""},{"id":"3","employee_name":"Ashton Cox","employee_salary":"86000","employee_age":"66","profile_image":""},{"id":"4","employee_name":"Cedric Kelly","employee_salary":"433060","employee_age":"22","profile_image":""},{"id":"5","employee_name":"Airi Satou","employee_salary":"162700","employee_age":"33","profile_image":""},{"id":"6","employee_name":"Brielle Williamson","employee_salary":"372000","employee_age":"61","profile_image":""},{"id":"7","employee_name":"Herrod Chandler","employee_salary":"137500","employee_age":"59","profile_image":""},{"id":"8","employee_name":"Rhona Davidson","employee_salary":"327900","employee_age":"55","profile_image":""},{"id":"9","employee_name":"Colleen Hurst","employee_salary":"205500","employee_age":"39","profile_image":""},{"id":"10","employee_name":"Sonya Frost","employee_salary":"103600","employee_age":"23","profile_image":""},{"id":"11","employee_name":"Jena Gaines","employee_salary":"90560","employee_age":"30","profile_image":""},{"id":"12","employee_name":"Quinn Flynn","employee_salary":"342000","employee_age":"22","profile_image":""},{"id":"13","employee_name":"Charde Marshall","employee_salary":"470600","employee_age":"36","profile_image":""},{"id":"14","employee_name":"Haley Kennedy","employee_salary":"313500","employee_age":"43","profile_image":""},{"id":"15","employee_name":"Tatyana Fitzpatrick","employee_salary":"385750","employee_age":"19","profile_image":""},{"id":"16","employee_name":"Michael Silva","employee_salary":"198500","employee_age":"66","profile_image":""},{"id":"17","employee_name":"Paul Byrd","employee_salary":"725000","employee_age":"64","profile_image":""},{"id":"18","employee_name":"Gloria Little","employee_salary":"237500","employee_age":"59","profile_image":""},{"id":"19","employee_name":"Bradley Greer","employee_salary":"132000","employee_age":"41","profile_image":""},{"id":"20","employee_name":"Dai Rios","employee_salary":"217500","employee_age":"35","profile_image":""},{"id":"21","employee_name":"Jenette Caldwell","employee_salary":"345000","employee_age":"30","profile_image":""},{"id":"22","employee_name":"Yuri Berry","employee_salary":"675000","employee_age":"40","profile_image":""},{"id":"23","employee_name":"Caesar Vance","employee_salary":"106450","employee_age":"21","profile_image":""},{"id":"24","employee_name":"Doris Wilder","employee_salary":"85600","employee_age":"23","profile_image":""}]}
2020-09-09 00:05:39 INFO  EmployeeRestAPI:72 - ******************checking Response Time for all employees get method *******************************
2020-09-09 00:05:39 INFO  EmployeeRestAPI:75 - Response Time should be < 600 ms -->811
2020-09-09 00:05:39 WARN  EmployeeRestAPI:78 - The response time is more than 2000
2020-09-09 00:05:39 INFO  EmployeeRestAPI:99 - ******************checking Response Server Type for all employees get method *******************************
2020-09-09 00:05:39 INFO  EmployeeRestAPI:102 - Response  Server Type should be nginx/1.16.0 -->nginx/1.16.0
2020-09-09 00:05:39 INFO  EmployeeRestAPI:47 - ******************checking Status code is 200 for all employees get method *******************************
2020-09-09 00:05:39 INFO  EmployeeRestAPI:50 - Response code should be 200-->200
2020-09-09 00:05:39 INFO  EmployeeRestAPI:59 - ******************checking Status Line for all employees get method *******************************
2020-09-09 00:05:39 INFO  EmployeeRestAPI:62 - Response Status Line should be HTTP/1.1 200 OK-->HTTP/1.1 200 OK
2020-09-09 00:05:39 INFO  EmployeeRestAPI:110 - ************************Finished All employee *************************************************************** 
2020-09-09 00:05:39 INFO  EmployeeRestAPI:38 - *********Started TC002_Get_Single_Employee_Record **********
2020-09-09 00:05:46 INFO  EmployeeRestAPI:51 - ********************* responseBody--> {"status":"success","data":{"id":1,"employee_name":"Tiger Nixon","employee_salary":320800,"employee_age":61,"profile_image":""},"message":"Successfully! Record has been fetched."}
2020-09-09 00:05:46 INFO  EmployeeRestAPI:102 - *********  Finished TC002_Get_Single_Employee_Record **********
2020-09-09 00:05:46 INFO  EmployeeRestAPI:45 - *********Started TC003_Post_Employee_Record **********
2020-09-09 00:05:52 INFO  EmployeeRestAPI:73 - Response Body --------------> {"status":"success","data":{"name":"Johna","salary":"46786","age":"74","id":9250},"message":"Successfully! Record has been added."}
2020-09-09 00:05:52 INFO  EmployeeRestAPI:119 - *********  Finished TC003_Post_Employee_Record **********
2020-09-09 00:05:52 INFO  EmployeeRestAPI:44 - *********Started TC004_Put_Employee_Record **********
2020-09-09 00:05:58 INFO  EmployeeRestAPI:72 - Response Body ---------------> {"status":"success","data":{"name":"Johne","salary":"46795","age":"28"},"message":"Successfully! Record has been updated."}
2020-09-09 00:05:58 INFO  EmployeeRestAPI:118 - *********  Finished TC004_Put_Employee_Record **********
2020-09-09 00:05:58 INFO  EmployeeRestAPI:40 - *********Started TC005_Delete_Employee_Record **********
2020-09-09 00:05:58 INFO  EmployeeRestAPI:49 - Response Body Data -------------> {"status":"success","data":[{"id":"1","employee_name":"Tiger Nixon","employee_salary":"320800","employee_age":"61","profile_image":""},{"id":"2","employee_name":"Garrett Winters","employee_salary":"170750","employee_age":"63","profile_image":""},{"id":"3","employee_name":"Ashton Cox","employee_salary":"86000","employee_age":"66","profile_image":""},{"id":"4","employee_name":"Cedric Kelly","employee_salary":"433060","employee_age":"22","profile_image":""},{"id":"5","employee_name":"Airi Satou","employee_salary":"162700","employee_age":"33","profile_image":""},{"id":"6","employee_name":"Brielle Williamson","employee_salary":"372000","employee_age":"61","profile_image":""},{"id":"7","employee_name":"Herrod Chandler","employee_salary":"137500","employee_age":"59","profile_image":""},{"id":"8","employee_name":"Rhona Davidson","employee_salary":"327900","employee_age":"55","profile_image":""},{"id":"9","employee_name":"Colleen Hurst","employee_salary":"205500","employee_age":"39","profile_image":""},{"id":"10","employee_name":"Sonya Frost","employee_salary":"103600","employee_age":"23","profile_image":""},{"id":"11","employee_name":"Jena Gaines","employee_salary":"90560","employee_age":"30","profile_image":""},{"id":"12","employee_name":"Quinn Flynn","employee_salary":"342000","employee_age":"22","profile_image":""},{"id":"13","employee_name":"Charde Marshall","employee_salary":"470600","employee_age":"36","profile_image":""},{"id":"14","employee_name":"Haley Kennedy","employee_salary":"313500","employee_age":"43","profile_image":""},{"id":"15","employee_name":"Tatyana Fitzpatrick","employee_salary":"385750","employee_age":"19","profile_image":""},{"id":"16","employee_name":"Michael Silva","employee_salary":"198500","employee_age":"66","profile_image":""},{"id":"17","employee_name":"Paul Byrd","employee_salary":"725000","employee_age":"64","profile_image":""},{"id":"18","employee_name":"Gloria Little","employee_salary":"237500","employee_age":"59","profile_image":""},{"id":"19","employee_name":"Bradley Greer","employee_salary":"132000","employee_age":"41","profile_image":""},{"id":"20","employee_name":"Dai Rios","employee_salary":"217500","employee_age":"35","profile_image":""},{"id":"21","employee_name":"Jenette Caldwell","employee_salary":"345000","employee_age":"30","profile_image":""},{"id":"22","employee_name":"Yuri Berry","employee_salary":"675000","employee_age":"40","profile_image":""},{"id":"23","employee_name":"Caesar Vance","employee_salary":"106450","employee_age":"21","profile_image":""},{"id":"24","employee_name":"Doris Wilder","employee_salary":"85600","employee_age":"23","profile_image":""}]}
2020-09-09 00:05:58 INFO  EmployeeRestAPI:52 - First employee -------------> 1
2020-09-09 00:06:02 INFO  EmployeeRestAPI:106 - *********  Finished TC005_Delete_Employee_Record **********
2020-09-09 00:08:29 INFO  EmployeeRestAPI:20 - **************************** started All employee *******************************************
2020-09-09 00:08:30 INFO  EmployeeRestAPI:87 - ******************checking Response Content Type for all employees get method *******************************
2020-09-09 00:08:30 INFO  EmployeeRestAPI:90 - Response Content Type should text/html; charset=UTF-8 -->application/json;charset=utf-8
2020-09-09 00:08:30 INFO  EmployeeRestAPI:34 - ******************checking Response body for all employees get method *******************************
2020-09-09 00:08:30 INFO  EmployeeRestAPI:37 - Response Body-->{"status":"success","data":[{"id":"1","employee_name":"Tiger Nixon","employee_salary":"320800","employee_age":"61","profile_image":""},{"id":"2","employee_name":"Garrett Winters","employee_salary":"170750","employee_age":"63","profile_image":""},{"id":"3","employee_name":"Ashton Cox","employee_salary":"86000","employee_age":"66","profile_image":""},{"id":"4","employee_name":"Cedric Kelly","employee_salary":"433060","employee_age":"22","profile_image":""},{"id":"5","employee_name":"Airi Satou","employee_salary":"162700","employee_age":"33","profile_image":""},{"id":"6","employee_name":"Brielle Williamson","employee_salary":"372000","employee_age":"61","profile_image":""},{"id":"7","employee_name":"Herrod Chandler","employee_salary":"137500","employee_age":"59","profile_image":""},{"id":"8","employee_name":"Rhona Davidson","employee_salary":"327900","employee_age":"55","profile_image":""},{"id":"9","employee_name":"Colleen Hurst","employee_salary":"205500","employee_age":"39","profile_image":""},{"id":"10","employee_name":"Sonya Frost","employee_salary":"103600","employee_age":"23","profile_image":""},{"id":"11","employee_name":"Jena Gaines","employee_salary":"90560","employee_age":"30","profile_image":""},{"id":"12","employee_name":"Quinn Flynn","employee_salary":"342000","employee_age":"22","profile_image":""},{"id":"13","employee_name":"Charde Marshall","employee_salary":"470600","employee_age":"36","profile_image":""},{"id":"14","employee_name":"Haley Kennedy","employee_salary":"313500","employee_age":"43","profile_image":""},{"id":"15","employee_name":"Tatyana Fitzpatrick","employee_salary":"385750","employee_age":"19","profile_image":""},{"id":"16","employee_name":"Michael Silva","employee_salary":"198500","employee_age":"66","profile_image":""},{"id":"17","employee_name":"Paul Byrd","employee_salary":"725000","employee_age":"64","profile_image":""},{"id":"18","employee_name":"Gloria Little","employee_salary":"237500","employee_age":"59","profile_image":""},{"id":"19","employee_name":"Bradley Greer","employee_salary":"132000","employee_age":"41","profile_image":""},{"id":"20","employee_name":"Dai Rios","employee_salary":"217500","employee_age":"35","profile_image":""},{"id":"21","employee_name":"Jenette Caldwell","employee_salary":"345000","employee_age":"30","profile_image":""},{"id":"22","employee_name":"Yuri Berry","employee_salary":"675000","employee_age":"40","profile_image":""},{"id":"23","employee_name":"Caesar Vance","employee_salary":"106450","employee_age":"21","profile_image":""},{"id":"24","employee_name":"Doris Wilder","employee_salary":"85600","employee_age":"23","profile_image":""}]}
2020-09-09 00:08:30 INFO  EmployeeRestAPI:72 - ******************checking Response Time for all employees get method *******************************
2020-09-09 00:08:30 INFO  EmployeeRestAPI:75 - Response Time should be < 600 ms -->804
2020-09-09 00:08:30 WARN  EmployeeRestAPI:78 - The response time is more than 2000
2020-09-09 00:08:30 INFO  EmployeeRestAPI:99 - ******************checking Response Server Type for all employees get method *******************************
2020-09-09 00:08:30 INFO  EmployeeRestAPI:102 - Response  Server Type should be nginx/1.16.0 -->nginx/1.16.0
2020-09-09 00:08:30 INFO  EmployeeRestAPI:47 - ******************checking Status code is 200 for all employees get method *******************************
2020-09-09 00:08:30 INFO  EmployeeRestAPI:50 - Response code should be 200-->200
2020-09-09 00:08:30 INFO  EmployeeRestAPI:59 - ******************checking Status Line for all employees get method *******************************
2020-09-09 00:08:30 INFO  EmployeeRestAPI:62 - Response Status Line should be HTTP/1.1 200 OK-->HTTP/1.1 200 OK
2020-09-09 00:08:30 INFO  EmployeeRestAPI:110 - ************************Finished All employee *************************************************************** 
2020-09-09 00:08:30 INFO  EmployeeRestAPI:38 - *********Started TC002_Get_Single_Employee_Record **********
2020-09-09 00:08:36 INFO  EmployeeRestAPI:51 - ********************* responseBody--> {"status":"success","data":{"id":1,"employee_name":"Tiger Nixon","employee_salary":320800,"employee_age":61,"profile_image":""},"message":"Successfully! Record has been fetched."}
2020-09-09 00:08:36 INFO  EmployeeRestAPI:102 - *********  Finished TC002_Get_Single_Employee_Record **********
2020-09-09 00:08:36 INFO  EmployeeRestAPI:45 - *********Started TC003_Post_Employee_Record **********
2020-09-09 00:08:42 INFO  EmployeeRestAPI:73 - Response Body --------------> {"status":"success","data":{"name":"JohnH","salary":"99081","age":"23","id":4473},"message":"Successfully! Record has been added."}
2020-09-09 00:08:42 INFO  EmployeeRestAPI:119 - *********  Finished TC003_Post_Employee_Record **********
2020-09-09 00:08:42 INFO  EmployeeRestAPI:44 - *********Started TC004_Put_Employee_Record **********
2020-09-09 00:08:48 INFO  EmployeeRestAPI:72 - Response Body ---------------> {"status":"success","data":{"name":"Johnq","salary":"36252","age":"95"},"message":"Successfully! Record has been updated."}
2020-09-09 00:08:48 INFO  EmployeeRestAPI:118 - *********  Finished TC004_Put_Employee_Record **********
2020-09-09 00:08:48 INFO  EmployeeRestAPI:40 - *********Started TC005_Delete_Employee_Record **********
2020-09-09 00:08:49 INFO  EmployeeRestAPI:49 - Response Body Data -------------> {"status":"success","data":[{"id":"1","employee_name":"Tiger Nixon","employee_salary":"320800","employee_age":"61","profile_image":""},{"id":"2","employee_name":"Garrett Winters","employee_salary":"170750","employee_age":"63","profile_image":""},{"id":"3","employee_name":"Ashton Cox","employee_salary":"86000","employee_age":"66","profile_image":""},{"id":"4","employee_name":"Cedric Kelly","employee_salary":"433060","employee_age":"22","profile_image":""},{"id":"5","employee_name":"Airi Satou","employee_salary":"162700","employee_age":"33","profile_image":""},{"id":"6","employee_name":"Brielle Williamson","employee_salary":"372000","employee_age":"61","profile_image":""},{"id":"7","employee_name":"Herrod Chandler","employee_salary":"137500","employee_age":"59","profile_image":""},{"id":"8","employee_name":"Rhona Davidson","employee_salary":"327900","employee_age":"55","profile_image":""},{"id":"9","employee_name":"Colleen Hurst","employee_salary":"205500","employee_age":"39","profile_image":""},{"id":"10","employee_name":"Sonya Frost","employee_salary":"103600","employee_age":"23","profile_image":""},{"id":"11","employee_name":"Jena Gaines","employee_salary":"90560","employee_age":"30","profile_image":""},{"id":"12","employee_name":"Quinn Flynn","employee_salary":"342000","employee_age":"22","profile_image":""},{"id":"13","employee_name":"Charde Marshall","employee_salary":"470600","employee_age":"36","profile_image":""},{"id":"14","employee_name":"Haley Kennedy","employee_salary":"313500","employee_age":"43","profile_image":""},{"id":"15","employee_name":"Tatyana Fitzpatrick","employee_salary":"385750","employee_age":"19","profile_image":""},{"id":"16","employee_name":"Michael Silva","employee_salary":"198500","employee_age":"66","profile_image":""},{"id":"17","employee_name":"Paul Byrd","employee_salary":"725000","employee_age":"64","profile_image":""},{"id":"18","employee_name":"Gloria Little","employee_salary":"237500","employee_age":"59","profile_image":""},{"id":"19","employee_name":"Bradley Greer","employee_salary":"132000","employee_age":"41","profile_image":""},{"id":"20","employee_name":"Dai Rios","employee_salary":"217500","employee_age":"35","profile_image":""},{"id":"21","employee_name":"Jenette Caldwell","employee_salary":"345000","employee_age":"30","profile_image":""},{"id":"22","employee_name":"Yuri Berry","employee_salary":"675000","employee_age":"40","profile_image":""},{"id":"23","employee_name":"Caesar Vance","employee_salary":"106450","employee_age":"21","profile_image":""},{"id":"24","employee_name":"Doris Wilder","employee_salary":"85600","employee_age":"23","profile_image":""}]}
2020-09-09 00:08:49 INFO  EmployeeRestAPI:52 - First employee -------------> 1
2020-09-09 00:08:53 INFO  EmployeeRestAPI:106 - *********  Finished TC005_Delete_Employee_Record **********
2020-09-10 00:03:51 INFO  EmployeeRestAPI:20 - **************************** started All employee *******************************************
2020-09-10 00:03:52 INFO  EmployeeRestAPI:87 - ******************checking Response Content Type for all employees get method *******************************
2020-09-10 00:03:52 INFO  EmployeeRestAPI:90 - Response Content Type should text/html; charset=UTF-8 -->application/json;charset=utf-8
2020-09-10 00:03:52 INFO  EmployeeRestAPI:34 - ******************checking Response body for all employees get method *******************************
2020-09-10 00:03:52 INFO  EmployeeRestAPI:37 - Response Body-->{"status":"success","data":[{"id":"1","employee_name":"Tiger Nixon","employee_salary":"320800","employee_age":"61","profile_image":""},{"id":"2","employee_name":"Garrett Winters","employee_salary":"170750","employee_age":"63","profile_image":""},{"id":"3","employee_name":"Ashton Cox","employee_salary":"86000","employee_age":"66","profile_image":""},{"id":"4","employee_name":"Cedric Kelly","employee_salary":"433060","employee_age":"22","profile_image":""},{"id":"5","employee_name":"Airi Satou","employee_salary":"162700","employee_age":"33","profile_image":""},{"id":"6","employee_name":"Brielle Williamson","employee_salary":"372000","employee_age":"61","profile_image":""},{"id":"7","employee_name":"Herrod Chandler","employee_salary":"137500","employee_age":"59","profile_image":""},{"id":"8","employee_name":"Rhona Davidson","employee_salary":"327900","employee_age":"55","profile_image":""},{"id":"9","employee_name":"Colleen Hurst","employee_salary":"205500","employee_age":"39","profile_image":""},{"id":"10","employee_name":"Sonya Frost","employee_salary":"103600","employee_age":"23","profile_image":""},{"id":"11","employee_name":"Jena Gaines","employee_salary":"90560","employee_age":"30","profile_image":""},{"id":"12","employee_name":"Quinn Flynn","employee_salary":"342000","employee_age":"22","profile_image":""},{"id":"13","employee_name":"Charde Marshall","employee_salary":"470600","employee_age":"36","profile_image":""},{"id":"14","employee_name":"Haley Kennedy","employee_salary":"313500","employee_age":"43","profile_image":""},{"id":"15","employee_name":"Tatyana Fitzpatrick","employee_salary":"385750","employee_age":"19","profile_image":""},{"id":"16","employee_name":"Michael Silva","employee_salary":"198500","employee_age":"66","profile_image":""},{"id":"17","employee_name":"Paul Byrd","employee_salary":"725000","employee_age":"64","profile_image":""},{"id":"18","employee_name":"Gloria Little","employee_salary":"237500","employee_age":"59","profile_image":""},{"id":"19","employee_name":"Bradley Greer","employee_salary":"132000","employee_age":"41","profile_image":""},{"id":"20","employee_name":"Dai Rios","employee_salary":"217500","employee_age":"35","profile_image":""},{"id":"21","employee_name":"Jenette Caldwell","employee_salary":"345000","employee_age":"30","profile_image":""},{"id":"22","employee_name":"Yuri Berry","employee_salary":"675000","employee_age":"40","profile_image":""},{"id":"23","employee_name":"Caesar Vance","employee_salary":"106450","employee_age":"21","profile_image":""},{"id":"24","employee_name":"Doris Wilder","employee_salary":"85600","employee_age":"23","profile_image":""}]}
2020-09-10 00:03:52 INFO  EmployeeRestAPI:72 - ******************checking Response Time for all employees get method *******************************
2020-09-10 00:03:52 INFO  EmployeeRestAPI:75 - Response Time should be < 600 ms -->792
2020-09-10 00:03:52 WARN  EmployeeRestAPI:78 - The response time is more than 2000
2020-09-10 00:03:52 INFO  EmployeeRestAPI:99 - ******************checking Response Server Type for all employees get method *******************************
2020-09-10 00:03:52 INFO  EmployeeRestAPI:102 - Response  Server Type should be nginx/1.16.0 -->nginx/1.16.0
2020-09-10 00:03:52 INFO  EmployeeRestAPI:47 - ******************checking Status code is 200 for all employees get method *******************************
2020-09-10 00:03:52 INFO  EmployeeRestAPI:50 - Response code should be 200-->200
2020-09-10 00:03:52 INFO  EmployeeRestAPI:59 - ******************checking Status Line for all employees get method *******************************
2020-09-10 00:03:52 INFO  EmployeeRestAPI:62 - Response Status Line should be HTTP/1.1 200 OK-->HTTP/1.1 200 OK
2020-09-10 00:03:52 INFO  EmployeeRestAPI:110 - ************************Finished All employee *************************************************************** 
2020-09-10 00:03:52 INFO  EmployeeRestAPI:38 - *********Started TC002_Get_Single_Employee_Record **********
2020-09-10 00:03:58 INFO  EmployeeRestAPI:51 - ********************* responseBody--> {"status":"success","data":{"id":1,"employee_name":"Tiger Nixon","employee_salary":320800,"employee_age":61,"profile_image":""},"message":"Successfully! Record has been fetched."}
2020-09-10 00:03:58 INFO  EmployeeRestAPI:102 - *********  Finished TC002_Get_Single_Employee_Record **********
2020-09-10 00:03:58 INFO  EmployeeRestAPI:45 - *********Started TC003_Post_Employee_Record **********
2020-09-10 00:04:05 INFO  EmployeeRestAPI:73 - Response Body --------------> {"status":"success","data":{"name":"JohnJ","salary":"81094","age":"46","id":994},"message":"Successfully! Record has been added."}
2020-09-10 00:04:05 INFO  EmployeeRestAPI:119 - *********  Finished TC003_Post_Employee_Record **********
2020-09-10 00:04:05 INFO  EmployeeRestAPI:44 - *********Started TC004_Put_Employee_Record **********
2020-09-10 00:04:11 INFO  EmployeeRestAPI:72 - Response Body ---------------> {"status":"success","data":{"name":"JohnN","salary":"10574","age":"16"},"message":"Successfully! Record has been updated."}
2020-09-10 00:04:11 INFO  EmployeeRestAPI:118 - *********  Finished TC004_Put_Employee_Record **********
2020-09-10 00:04:11 INFO  EmployeeRestAPI:40 - *********Started TC005_Delete_Employee_Record **********
2020-09-10 00:04:11 INFO  EmployeeRestAPI:49 - Response Body Data -------------> {"status":"success","data":[{"id":"1","employee_name":"Tiger Nixon","employee_salary":"320800","employee_age":"61","profile_image":""},{"id":"2","employee_name":"Garrett Winters","employee_salary":"170750","employee_age":"63","profile_image":""},{"id":"3","employee_name":"Ashton Cox","employee_salary":"86000","employee_age":"66","profile_image":""},{"id":"4","employee_name":"Cedric Kelly","employee_salary":"433060","employee_age":"22","profile_image":""},{"id":"5","employee_name":"Airi Satou","employee_salary":"162700","employee_age":"33","profile_image":""},{"id":"6","employee_name":"Brielle Williamson","employee_salary":"372000","employee_age":"61","profile_image":""},{"id":"7","employee_name":"Herrod Chandler","employee_salary":"137500","employee_age":"59","profile_image":""},{"id":"8","employee_name":"Rhona Davidson","employee_salary":"327900","employee_age":"55","profile_image":""},{"id":"9","employee_name":"Colleen Hurst","employee_salary":"205500","employee_age":"39","profile_image":""},{"id":"10","employee_name":"Sonya Frost","employee_salary":"103600","employee_age":"23","profile_image":""},{"id":"11","employee_name":"Jena Gaines","employee_salary":"90560","employee_age":"30","profile_image":""},{"id":"12","employee_name":"Quinn Flynn","employee_salary":"342000","employee_age":"22","profile_image":""},{"id":"13","employee_name":"Charde Marshall","employee_salary":"470600","employee_age":"36","profile_image":""},{"id":"14","employee_name":"Haley Kennedy","employee_salary":"313500","employee_age":"43","profile_image":""},{"id":"15","employee_name":"Tatyana Fitzpatrick","employee_salary":"385750","employee_age":"19","profile_image":""},{"id":"16","employee_name":"Michael Silva","employee_salary":"198500","employee_age":"66","profile_image":""},{"id":"17","employee_name":"Paul Byrd","employee_salary":"725000","employee_age":"64","profile_image":""},{"id":"18","employee_name":"Gloria Little","employee_salary":"237500","employee_age":"59","profile_image":""},{"id":"19","employee_name":"Bradley Greer","employee_salary":"132000","employee_age":"41","profile_image":""},{"id":"20","employee_name":"Dai Rios","employee_salary":"217500","employee_age":"35","profile_image":""},{"id":"21","employee_name":"Jenette Caldwell","employee_salary":"345000","employee_age":"30","profile_image":""},{"id":"22","employee_name":"Yuri Berry","employee_salary":"675000","employee_age":"40","profile_image":""},{"id":"23","employee_name":"Caesar Vance","employee_salary":"106450","employee_age":"21","profile_image":""},{"id":"24","employee_name":"Doris Wilder","employee_salary":"85600","employee_age":"23","profile_image":""}]}
2020-09-10 00:04:11 INFO  EmployeeRestAPI:52 - First employee -------------> 1
2020-09-10 00:04:15 INFO  EmployeeRestAPI:106 - *********  Finished TC005_Delete_Employee_Record **********
2020-09-10 00:10:15 INFO  EmployeeRestAPI:20 - **************************** started All employee *******************************************
2020-09-10 00:10:16 INFO  EmployeeRestAPI:87 - ******************checking Response Content Type for all employees get method *******************************
2020-09-10 00:10:16 INFO  EmployeeRestAPI:90 - Response Content Type should text/html; charset=UTF-8 -->application/json;charset=utf-8
2020-09-10 00:10:16 INFO  EmployeeRestAPI:34 - ******************checking Response body for all employees get method *******************************
2020-09-10 00:10:16 INFO  EmployeeRestAPI:37 - Response Body-->{"status":"success","data":[{"id":"1","employee_name":"Tiger Nixon","employee_salary":"320800","employee_age":"61","profile_image":""},{"id":"2","employee_name":"Garrett Winters","employee_salary":"170750","employee_age":"63","profile_image":""},{"id":"3","employee_name":"Ashton Cox","employee_salary":"86000","employee_age":"66","profile_image":""},{"id":"4","employee_name":"Cedric Kelly","employee_salary":"433060","employee_age":"22","profile_image":""},{"id":"5","employee_name":"Airi Satou","employee_salary":"162700","employee_age":"33","profile_image":""},{"id":"6","employee_name":"Brielle Williamson","employee_salary":"372000","employee_age":"61","profile_image":""},{"id":"7","employee_name":"Herrod Chandler","employee_salary":"137500","employee_age":"59","profile_image":""},{"id":"8","employee_name":"Rhona Davidson","employee_salary":"327900","employee_age":"55","profile_image":""},{"id":"9","employee_name":"Colleen Hurst","employee_salary":"205500","employee_age":"39","profile_image":""},{"id":"10","employee_name":"Sonya Frost","employee_salary":"103600","employee_age":"23","profile_image":""},{"id":"11","employee_name":"Jena Gaines","employee_salary":"90560","employee_age":"30","profile_image":""},{"id":"12","employee_name":"Quinn Flynn","employee_salary":"342000","employee_age":"22","profile_image":""},{"id":"13","employee_name":"Charde Marshall","employee_salary":"470600","employee_age":"36","profile_image":""},{"id":"14","employee_name":"Haley Kennedy","employee_salary":"313500","employee_age":"43","profile_image":""},{"id":"15","employee_name":"Tatyana Fitzpatrick","employee_salary":"385750","employee_age":"19","profile_image":""},{"id":"16","employee_name":"Michael Silva","employee_salary":"198500","employee_age":"66","profile_image":""},{"id":"17","employee_name":"Paul Byrd","employee_salary":"725000","employee_age":"64","profile_image":""},{"id":"18","employee_name":"Gloria Little","employee_salary":"237500","employee_age":"59","profile_image":""},{"id":"19","employee_name":"Bradley Greer","employee_salary":"132000","employee_age":"41","profile_image":""},{"id":"20","employee_name":"Dai Rios","employee_salary":"217500","employee_age":"35","profile_image":""},{"id":"21","employee_name":"Jenette Caldwell","employee_salary":"345000","employee_age":"30","profile_image":""},{"id":"22","employee_name":"Yuri Berry","employee_salary":"675000","employee_age":"40","profile_image":""},{"id":"23","employee_name":"Caesar Vance","employee_salary":"106450","employee_age":"21","profile_image":""},{"id":"24","employee_name":"Doris Wilder","employee_salary":"85600","employee_age":"23","profile_image":""}]}
2020-09-10 00:10:16 INFO  EmployeeRestAPI:72 - ******************checking Response Time for all employees get method *******************************
2020-09-10 00:10:16 INFO  EmployeeRestAPI:75 - Response Time should be < 600 ms -->802
2020-09-10 00:10:16 WARN  EmployeeRestAPI:78 - The response time is more than 2000
2020-09-10 00:10:16 INFO  EmployeeRestAPI:99 - ******************checking Response Server Type for all employees get method *******************************
2020-09-10 00:10:16 INFO  EmployeeRestAPI:102 - Response  Server Type should be nginx/1.16.0 -->nginx/1.16.0
2020-09-10 00:10:16 INFO  EmployeeRestAPI:47 - ******************checking Status code is 200 for all employees get method *******************************
2020-09-10 00:10:16 INFO  EmployeeRestAPI:50 - Response code should be 200-->200
2020-09-10 00:10:16 INFO  EmployeeRestAPI:59 - ******************checking Status Line for all employees get method *******************************
2020-09-10 00:10:16 INFO  EmployeeRestAPI:62 - Response Status Line should be HTTP/1.1 200 OK-->HTTP/1.1 200 OK
2020-09-10 00:10:16 INFO  EmployeeRestAPI:110 - ************************Finished All employee *************************************************************** 
2020-09-10 00:10:16 INFO  EmployeeRestAPI:38 - *********Started TC002_Get_Single_Employee_Record **********
2020-09-10 00:10:22 INFO  EmployeeRestAPI:51 - ********************* responseBody--> {"status":"success","data":{"id":1,"employee_name":"Tiger Nixon","employee_salary":320800,"employee_age":61,"profile_image":""},"message":"Successfully! Record has been fetched."}
2020-09-10 00:10:22 INFO  EmployeeRestAPI:102 - *********  Finished TC002_Get_Single_Employee_Record **********
2020-09-10 00:10:22 INFO  EmployeeRestAPI:45 - *********Started TC003_Post_Employee_Record **********
2020-09-10 00:10:28 INFO  EmployeeRestAPI:73 - Response Body --------------> {"status":"success","data":{"name":"Johnj","salary":"55938","age":"47","id":8884},"message":"Successfully! Record has been added."}
2020-09-10 00:10:28 INFO  EmployeeRestAPI:119 - *********  Finished TC003_Post_Employee_Record **********
2020-09-10 00:10:28 INFO  EmployeeRestAPI:44 - *********Started TC004_Put_Employee_Record **********
2020-09-10 00:10:34 INFO  EmployeeRestAPI:72 - Response Body ---------------> {"status":"success","data":{"name":"Johni","salary":"58712","age":"75"},"message":"Successfully! Record has been updated."}
2020-09-10 00:10:34 INFO  EmployeeRestAPI:118 - *********  Finished TC004_Put_Employee_Record **********
2020-09-10 00:10:34 INFO  EmployeeRestAPI:40 - *********Started TC005_Delete_Employee_Record **********
2020-09-10 00:10:34 INFO  EmployeeRestAPI:49 - Response Body Data -------------> {"status":"success","data":[{"id":"1","employee_name":"Tiger Nixon","employee_salary":"320800","employee_age":"61","profile_image":""},{"id":"2","employee_name":"Garrett Winters","employee_salary":"170750","employee_age":"63","profile_image":""},{"id":"3","employee_name":"Ashton Cox","employee_salary":"86000","employee_age":"66","profile_image":""},{"id":"4","employee_name":"Cedric Kelly","employee_salary":"433060","employee_age":"22","profile_image":""},{"id":"5","employee_name":"Airi Satou","employee_salary":"162700","employee_age":"33","profile_image":""},{"id":"6","employee_name":"Brielle Williamson","employee_salary":"372000","employee_age":"61","profile_image":""},{"id":"7","employee_name":"Herrod Chandler","employee_salary":"137500","employee_age":"59","profile_image":""},{"id":"8","employee_name":"Rhona Davidson","employee_salary":"327900","employee_age":"55","profile_image":""},{"id":"9","employee_name":"Colleen Hurst","employee_salary":"205500","employee_age":"39","profile_image":""},{"id":"10","employee_name":"Sonya Frost","employee_salary":"103600","employee_age":"23","profile_image":""},{"id":"11","employee_name":"Jena Gaines","employee_salary":"90560","employee_age":"30","profile_image":""},{"id":"12","employee_name":"Quinn Flynn","employee_salary":"342000","employee_age":"22","profile_image":""},{"id":"13","employee_name":"Charde Marshall","employee_salary":"470600","employee_age":"36","profile_image":""},{"id":"14","employee_name":"Haley Kennedy","employee_salary":"313500","employee_age":"43","profile_image":""},{"id":"15","employee_name":"Tatyana Fitzpatrick","employee_salary":"385750","employee_age":"19","profile_image":""},{"id":"16","employee_name":"Michael Silva","employee_salary":"198500","employee_age":"66","profile_image":""},{"id":"17","employee_name":"Paul Byrd","employee_salary":"725000","employee_age":"64","profile_image":""},{"id":"18","employee_name":"Gloria Little","employee_salary":"237500","employee_age":"59","profile_image":""},{"id":"19","employee_name":"Bradley Greer","employee_salary":"132000","employee_age":"41","profile_image":""},{"id":"20","employee_name":"Dai Rios","employee_salary":"217500","employee_age":"35","profile_image":""},{"id":"21","employee_name":"Jenette Caldwell","employee_salary":"345000","employee_age":"30","profile_image":""},{"id":"22","employee_name":"Yuri Berry","employee_salary":"675000","employee_age":"40","profile_image":""},{"id":"23","employee_name":"Caesar Vance","employee_salary":"106450","employee_age":"21","profile_image":""},{"id":"24","employee_name":"Doris Wilder","employee_salary":"85600","employee_age":"23","profile_image":""}]}
2020-09-10 00:10:34 INFO  EmployeeRestAPI:52 - First employee -------------> 1
2020-09-10 00:10:38 INFO  EmployeeRestAPI:106 - *********  Finished TC005_Delete_Employee_Record **********
